-------------------------------------------------------------------------------
Test set: com.brq.api.cep.CepApplicationTests
-------------------------------------------------------------------------------
Tests run: 1, Failures: 0, Errors: 1, Skipped: 0, Time elapsed: 0.208 s <<< FAILURE! - in com.brq.api.cep.CepApplicationTests
com.brq.api.cep.CepApplicationTests  Time elapsed: 0.207 s  <<< ERROR!
java.lang.IllegalStateException: Unable to find a @SpringBootConfiguration, you need to use @ContextConfiguration or @SpringBootTest(classes=...) with your test

